0 info it worked if it ends with ok
1 verbose cli [ '/usr/local/bin/node',
1 verbose cli   '/usr/local/bin/npm',
1 verbose cli   'run',
1 verbose cli   'manage:translations' ]
2 info using npm@3.10.10
3 info using node@v6.9.4
4 verbose run-script [ 'premanage:translations',
4 verbose run-script   'manage:translations',
4 verbose run-script   'postmanage:translations' ]
5 info lifecycle react-app@1.0.0~premanage:translations: react-app@1.0.0
6 silly lifecycle react-app@1.0.0~premanage:translations: no script for premanage:translations, continuing
7 info lifecycle react-app@1.0.0~manage:translations: react-app@1.0.0
8 verbose lifecycle react-app@1.0.0~manage:translations: unsafe-perm in lifecycle true
9 verbose lifecycle react-app@1.0.0~manage:translations: PATH: /usr/local/lib/node_modules/npm/bin/node-gyp-bin:/Volumes/Dev/web/react-seed/node_modules/.bin:/usr/local/bin:/usr/bin:/bin:/usr/sbin:/sbin:/usr/local/git/bin
10 verbose lifecycle react-app@1.0.0~manage:translations: CWD: /Volumes/Dev/web/react-seed
11 silly lifecycle react-app@1.0.0~manage:translations: Args: [ '-c', 'node scripts/translation-runner.js' ]
12 silly lifecycle react-app@1.0.0~manage:translations: Returned: code: 1  signal: null
13 info lifecycle react-app@1.0.0~manage:translations: Failed to exec manage:translations script
14 verbose stack Error: react-app@1.0.0 manage:translations: `node scripts/translation-runner.js`
14 verbose stack Exit status 1
14 verbose stack     at EventEmitter.<anonymous> (/usr/local/lib/node_modules/npm/lib/utils/lifecycle.js:255:16)
14 verbose stack     at emitTwo (events.js:106:13)
14 verbose stack     at EventEmitter.emit (events.js:191:7)
14 verbose stack     at ChildProcess.<anonymous> (/usr/local/lib/node_modules/npm/lib/utils/spawn.js:40:14)
14 verbose stack     at emitTwo (events.js:106:13)
14 verbose stack     at ChildProcess.emit (events.js:191:7)
14 verbose stack     at maybeClose (internal/child_process.js:877:16)
14 verbose stack     at Process.ChildProcess._handle.onexit (internal/child_process.js:226:5)
15 verbose pkgid react-app@1.0.0
16 verbose cwd /Volumes/Dev/web/react-seed
17 error Darwin 16.3.0
18 error argv "/usr/local/bin/node" "/usr/local/bin/npm" "run" "manage:translations"
19 error node v6.9.4
20 error npm  v3.10.10
21 error code ELIFECYCLE
22 error react-app@1.0.0 manage:translations: `node scripts/translation-runner.js`
22 error Exit status 1
23 error Failed at the react-app@1.0.0 manage:translations script 'node scripts/translation-runner.js'.
23 error Make sure you have the latest version of node.js and npm installed.
23 error If you do, this is most likely a problem with the react-app package,
23 error not with npm itself.
23 error Tell the author that this fails on your system:
23 error     node scripts/translation-runner.js
23 error You can get information on how to open an issue for this project with:
23 error     npm bugs react-app
23 error Or if that isn't available, you can get their info via:
23 error     npm owner ls react-app
23 error There is likely additional logging output above.
24 verbose exit [ 1, true ]
